<?xml version="1.0" encoding="UTF-8"?>
<!-- Generated by org.testng.reporters.JUnitXMLReporter -->
<testsuite ignored="0" hostname="LAPTOP-K4TMDRTS" failures="0" tests="5" name="netBanking" time="0.044" errors="0" timestamp="2022-03-04T19:48:31 IST">
  <testcase classname="qAFox.tpack.ClassOne" name="TestOne" time="0.007"/>
  <testcase classname="qAFox.tpack.ClassThree" name="TestThree" time="0.001"/>
  <testcase classname="qAFox.opack.ClassFour" name="TestFour" time="0.001"/>
  <testcase classname="qAFox.opack.ClassFive" name="TestFive" time="0.001"/>
  <testcase classname="qAFox.kpack.ClassSeven" name="TestSeven" time="0.001"/>
</testsuite> <!-- netBanking -->
