<?xml version="1.0" encoding="UTF-8"?>
<!-- Generated by org.testng.reporters.JUnitXMLReporter -->
<testsuite ignored="2" hostname="LAPTOP-K4TMDRTS" failures="1" tests="2" name="RemaingTestMethods" time="1.018" errors="0" timestamp="2022-03-08T20:20:20 IST">
  <testcase classname="hyrlisteners.TestClass1" name="testMethod3" time="1.005">
    <failure type="org.testng.internal.thread.ThreadTimeoutException" message="Method hyrlisteners.TestClass1.testMethod3() didn&amp;apos;t finish within the time-out 1000">
      <![CDATA[org.testng.internal.thread.ThreadTimeoutException: Method hyrlisteners.TestClass1.testMethod3() didn't finish within the time-out 1000
at java.base/java.util.ArrayList.forEach(ArrayList.java:1511)
... Removed 24 stack frames]]>
    </failure>
  </testcase> <!-- testMethod3 -->
  <testcase classname="hyrlisteners.TestClass1" name="testMethod4" time="0.0">
    <skipped/>
  </testcase> <!-- testMethod4 -->
  <testcase classname="hyrlisteners.TestClass1" name="testMethod2" time="0.0">
    <ignored/>
  </testcase> <!-- testMethod2 -->
  <testcase classname="hyrlisteners.TestClass1" name="testMethod1" time="0.0">
    <ignored/>
  </testcase> <!-- testMethod1 -->
</testsuite> <!-- RemaingTestMethods -->
