<?xml version="1.0" encoding="UTF-8"?>
<!-- Generated by org.testng.reporters.JUnitXMLReporter -->
<testsuite ignored="0" hostname="LAPTOP-K4TMDRTS" failures="0" tests="5" name="TestModuleTwo" time="42.255" errors="0" timestamp="2022-03-06T09:52:18 IST">
  <testcase classname="parameterisation.ParameterisationClassLevel" name="Amazon" time="19.571"/>
  <testcase classname="parameterisation.ParameterisationClassLevel" name="Flipkart" time="22.668"/>
  <testcase classname="parameterisation.ParameterisationClassLevel" name="Jiomart" time="0.0"/>
  <testcase classname="parameterisation.ParameterisationClassLevel" name="Meeshoo" time="0.0"/>
  <testcase classname="parameterisation.ParameterisationClassLevel" name="Myntra" time="0.016"/>
</testsuite> <!-- TestModuleTwo -->
