<?xml version="1.0" encoding="UTF-8"?>
<!-- Generated by org.testng.reporters.JUnitXMLReporter -->
<testsuite ignored="0" hostname="LAPTOP-K4TMDRTS" failures="0" tests="5" name="TestModuleOne" time="41.166" errors="0" timestamp="2022-03-06T09:51:36 IST">
  <testcase classname="parameterisation.ParameterisationClassLevel1" name="Amazon" time="19.81"/>
  <testcase classname="parameterisation.ParameterisationClassLevel1" name="Flipkart" time="21.304"/>
  <testcase classname="parameterisation.ParameterisationClassLevel1" name="Jiomart" time="0.0"/>
  <testcase classname="parameterisation.ParameterisationClassLevel1" name="Meeshoo" time="0.0"/>
  <testcase classname="parameterisation.ParameterisationClassLevel1" name="Myntra" time="0.016"/>
</testsuite> <!-- TestModuleOne -->
