<?xml version="1.0" encoding="UTF-8"?>
<!-- Generated by org.testng.reporters.JUnitXMLReporter -->
<testsuite ignored="2" hostname="LAPTOP-K4TMDRTS" failures="1" tests="2" name="TwoTestMethods" time="0.05" errors="0" timestamp="2022-03-08T20:20:19 IST">
  <testcase classname="hyrlisteners.TestClass1" name="testMethod1" time="0.007"/>
  <testcase classname="hyrlisteners.TestClass1" name="testMethod2" time="0.004">
    <failure type="java.lang.AssertionError" message="expected [true] but found [false]">
      <![CDATA[java.lang.AssertionError: expected [true] but found [false]
at hyrlisteners.TestClass1.testMethod2(TestClass1.java:15)
at java.base/java.util.ArrayList.forEach(ArrayList.java:1511)
... Removed 31 stack frames]]>
    </failure>
  </testcase> <!-- testMethod2 -->
  <testcase classname="hyrlisteners.TestClass1" name="testMethod4" time="0.0">
    <ignored/>
  </testcase> <!-- testMethod4 -->
  <testcase classname="hyrlisteners.TestClass1" name="testMethod3" time="0.0">
    <ignored/>
  </testcase> <!-- testMethod3 -->
</testsuite> <!-- TwoTestMethods -->
